<?xml version="1.0" encoding="UTF-8"?>
<!-- Generated by org.testng.reporters.JUnitReportReporter -->
<testsuite hostname="DESKTOP-IL4H1CC" failures="0" tests="1" name="in.corecreditv1.testcases.TC_AddCutomerTest_003" time="30.588" errors="0" timestamp="2023-03-29T00:52:45 IST" skipped="0">
  <testcase classname="in.corecreditv1.testcases.TC_AddCutomerTest_003" name="addNewCustomer" time="30.588"/>
  <system-out/>
</testsuite> <!-- in.corecreditv1.testcases.TC_AddCutomerTest_003 -->
